2020-04-13 07:09:51.775 DEBUG [main] [com.stepdefinition.Test_Register] [user_launches_webshop_page] [com.stepdefinition.Test_Register.user_launches_webshop_page(Test_Register.java:21)] - Chrome launched and navigated to website
2020-04-13 08:13:37.069 DEBUG [main] [com.stepdefinition.Test_Register] [user_launches_webshop_page] [com.stepdefinition.Test_Register.user_launches_webshop_page(Test_Register.java:21)] - Chrome launched and navigated to website
2020-04-13 08:13:40.697 INFO [main] [com.stepdefinition.Test_Register] [user_enters_valid_credentials] [com.stepdefinition.Test_Register.user_enters_valid_credentials(Test_Register.java:29)] - Required details for registration are entered
2020-04-13 08:13:40.699 WARN [main] [com.stepdefinition.Test_Register] [user_Registered_successfully] [com.stepdefinition.Test_Register.user_Registered_successfully(Test_Register.java:33)] - You entered an existed email id
2020-04-13 08:13:40.700 ERROR [main] [com.stepdefinition.Test_Register] [user_Registered_successfully] [com.stepdefinition.Test_Register.user_Registered_successfully(Test_Register.java:34)] - The registration is not successful
2020-04-13 08:13:50.551 DEBUG [main] [com.stepdefinition.Test_Login] [user_launches_webshop_page] [com.stepdefinition.Test_Login.user_launches_webshop_page(Test_Login.java:25)] - chrome launched and website opened
2020-04-13 08:13:56.604 INFO [main] [com.stepdefinition.Test_Login] [user_enters_valid_credentials] [com.stepdefinition.Test_Login.user_enters_valid_credentials(Test_Login.java:45)] - credentials entered
2020-04-13 08:13:56.606 INFO [main] [com.stepdefinition.Test_Login] [user_login_successfully] [com.stepdefinition.Test_Login.user_login_successfully(Test_Login.java:49)] - login successfully
2020-04-13 08:14:04.570 DEBUG [main] [com.stepdefinition.Test_Searchcart] [User_launches_the_webshop_page] [com.stepdefinition.Test_Searchcart.User_launches_the_webshop_page(Test_Searchcart.java:24)] - chrome Launched and navigated to website
2020-04-13 08:14:08.774 INFO [main] [com.stepdefinition.Test_Searchcart] [User_logged_to_the_home_page] [com.stepdefinition.Test_Searchcart.User_logged_to_the_home_page(Test_Searchcart.java:36)] - login successfully
2020-04-13 08:14:14.213 INFO [main] [com.stepdefinition.Test_Searchcart] [User_search_the_product] [com.stepdefinition.Test_Searchcart.User_search_the_product(Test_Searchcart.java:44)] - the products  were searched 
2020-04-13 08:14:14.725 INFO [main] [com.stepdefinition.Test_Searchcart] [User_gives_the_specifications] [com.stepdefinition.Test_Searchcart.User_gives_the_specifications(Test_Searchcart.java:52)] - Requird specifications were entered
2020-04-13 08:14:14.906 INFO [main] [com.stepdefinition.Test_Searchcart] [User_add_product_to_cart] [com.stepdefinition.Test_Searchcart.User_add_product_to_cart(Test_Searchcart.java:60)] - Products added to cart successfully
2020-04-13 08:14:24.017 DEBUG [main] [com.stepdefinition.Test_Wishlist] [the_user_launches_chrome] [com.stepdefinition.Test_Wishlist.the_user_launches_chrome(Test_Wishlist.java:21)] - Chrome launched and website opened
2020-04-13 08:14:26.949 INFO [main] [com.stepdefinition.Test_Wishlist] [the_user_navigated_into_the_home_page] [com.stepdefinition.Test_Wishlist.the_user_navigated_into_the_home_page(Test_Wishlist.java:32)] - login successfully
2020-04-13 08:14:37.649 INFO [main] [com.stepdefinition.Test_Wishlist] [the_user_adds_some_products_to_wishlist] [com.stepdefinition.Test_Wishlist.the_user_adds_some_products_to_wishlist(Test_Wishlist.java:44)] - products added to wishlist
2020-04-13 08:14:38.623 INFO [main] [com.stepdefinition.Test_Wishlist] [the_user_checks_the_recently_viewed_products] [com.stepdefinition.Test_Wishlist.the_user_checks_the_recently_viewed_products(Test_Wishlist.java:51)] - Recently viewed products shown in the window
2020-04-13 08:14:48.230 DEBUG [main] [com.stepdefinition.Test_Address] [user_launches_to_chrome_page] [com.stepdefinition.Test_Address.user_launches_to_chrome_page(Test_Address.java:21)] - chrome launched and website opened
2020-04-13 08:14:50.947 INFO [main] [com.stepdefinition.Test_Address] [user_logged_into_the_home_page] [com.stepdefinition.Test_Address.user_logged_into_the_home_page(Test_Address.java:32)] - login successfully
2020-04-13 08:15:01.952 INFO [main] [com.stepdefinition.Test_Address] [the_user_can_add_the_address] [com.stepdefinition.Test_Address.the_user_can_add_the_address(Test_Address.java:41)] - address added successfully
2020-04-13 08:15:18.099 DEBUG [main] [com.stepdefinition.Test_changepswd] [the_user_launches_the_firefox] [com.stepdefinition.Test_changepswd.the_user_launches_the_firefox(Test_changepswd.java:22)] - firefox launched and webpage opened
2020-04-13 08:15:21.588 INFO [main] [com.stepdefinition.Test_changepswd] [the_user_login_to_the_site] [com.stepdefinition.Test_changepswd.the_user_login_to_the_site(Test_changepswd.java:32)] - login successfully
2020-04-13 08:15:25.387 INFO [main] [com.stepdefinition.Test_changepswd] [the_user_enters_and_and] [com.stepdefinition.Test_changepswd.the_user_enters_and_and(Test_changepswd.java:41)] - password changed succesfully
2020-04-13 08:15:39.866 DEBUG [main] [com.stepdefinition.Test_changepswd] [the_user_launches_the_firefox] [com.stepdefinition.Test_changepswd.the_user_launches_the_firefox(Test_changepswd.java:22)] - firefox launched and webpage opened
2020-04-13 08:15:43.359 INFO [main] [com.stepdefinition.Test_changepswd] [the_user_login_to_the_site] [com.stepdefinition.Test_changepswd.the_user_login_to_the_site(Test_changepswd.java:32)] - login successfully
2020-04-13 08:15:46.850 INFO [main] [com.stepdefinition.Test_changepswd] [the_user_enters_and_and] [com.stepdefinition.Test_changepswd.the_user_enters_and_and(Test_changepswd.java:41)] - password changed succesfully
2020-04-13 08:37:45.278 DEBUG [main] [com.stepdefinition.Test_Register] [user_launches_webshop_page] [com.stepdefinition.Test_Register.user_launches_webshop_page(Test_Register.java:21)] - Chrome launched and navigated to website
2020-04-13 08:37:50.733 DEBUG [main] [com.stepdefinition.Test_Login] [user_launches_webshop_page] [com.stepdefinition.Test_Login.user_launches_webshop_page(Test_Login.java:25)] - chrome launched and website opened
2020-04-13 08:37:56.461 DEBUG [main] [com.stepdefinition.Test_Searchcart] [User_launches_the_webshop_page] [com.stepdefinition.Test_Searchcart.User_launches_the_webshop_page(Test_Searchcart.java:24)] - chrome Launched and navigated to website
2020-04-13 08:38:02.466 DEBUG [main] [com.stepdefinition.Test_Wishlist] [the_user_launches_chrome] [com.stepdefinition.Test_Wishlist.the_user_launches_chrome(Test_Wishlist.java:21)] - Chrome launched and website opened
2020-04-13 08:38:32.811 DEBUG [main] [com.stepdefinition.Test_Register] [user_launches_webshop_page] [com.stepdefinition.Test_Register.user_launches_webshop_page(Test_Register.java:21)] - Chrome launched and navigated to website
2020-04-13 08:38:39.840 INFO [main] [com.stepdefinition.Test_Register] [user_enters_valid_credentials] [com.stepdefinition.Test_Register.user_enters_valid_credentials(Test_Register.java:29)] - Required details for registration are entered
2020-04-13 08:38:39.843 WARN [main] [com.stepdefinition.Test_Register] [user_Registered_successfully] [com.stepdefinition.Test_Register.user_Registered_successfully(Test_Register.java:33)] - You entered an existed email id
2020-04-13 08:38:39.844 ERROR [main] [com.stepdefinition.Test_Register] [user_Registered_successfully] [com.stepdefinition.Test_Register.user_Registered_successfully(Test_Register.java:34)] - The registration is not successful
2020-04-13 08:38:52.305 DEBUG [main] [com.stepdefinition.Test_Login] [user_launches_webshop_page] [com.stepdefinition.Test_Login.user_launches_webshop_page(Test_Login.java:25)] - chrome launched and website opened
2020-04-13 08:38:59.967 INFO [main] [com.stepdefinition.Test_Login] [user_enters_valid_credentials] [com.stepdefinition.Test_Login.user_enters_valid_credentials(Test_Login.java:45)] - credentials entered
2020-04-13 08:38:59.969 INFO [main] [com.stepdefinition.Test_Login] [user_login_successfully] [com.stepdefinition.Test_Login.user_login_successfully(Test_Login.java:49)] - login successfully
2020-04-13 08:39:10.206 DEBUG [main] [com.stepdefinition.Test_Searchcart] [User_launches_the_webshop_page] [com.stepdefinition.Test_Searchcart.User_launches_the_webshop_page(Test_Searchcart.java:24)] - chrome Launched and navigated to website
2020-04-13 08:39:14.886 INFO [main] [com.stepdefinition.Test_Searchcart] [User_logged_to_the_home_page] [com.stepdefinition.Test_Searchcart.User_logged_to_the_home_page(Test_Searchcart.java:36)] - login successfully
2020-04-13 08:39:24.173 INFO [main] [com.stepdefinition.Test_Searchcart] [User_search_the_product] [com.stepdefinition.Test_Searchcart.User_search_the_product(Test_Searchcart.java:44)] - the products  were searched 
2020-04-13 08:39:24.737 INFO [main] [com.stepdefinition.Test_Searchcart] [User_gives_the_specifications] [com.stepdefinition.Test_Searchcart.User_gives_the_specifications(Test_Searchcart.java:52)] - Requird specifications were entered
2020-04-13 08:39:25.037 INFO [main] [com.stepdefinition.Test_Searchcart] [User_add_product_to_cart] [com.stepdefinition.Test_Searchcart.User_add_product_to_cart(Test_Searchcart.java:60)] - Products added to cart successfully
2020-04-13 08:39:35.161 DEBUG [main] [com.stepdefinition.Test_Wishlist] [the_user_launches_chrome] [com.stepdefinition.Test_Wishlist.the_user_launches_chrome(Test_Wishlist.java:21)] - Chrome launched and website opened
2020-04-13 08:39:39.658 INFO [main] [com.stepdefinition.Test_Wishlist] [the_user_navigated_into_the_home_page] [com.stepdefinition.Test_Wishlist.the_user_navigated_into_the_home_page(Test_Wishlist.java:32)] - login successfully
2020-04-13 08:39:55.570 INFO [main] [com.stepdefinition.Test_Wishlist] [the_user_adds_some_products_to_wishlist] [com.stepdefinition.Test_Wishlist.the_user_adds_some_products_to_wishlist(Test_Wishlist.java:44)] - products added to wishlist
2020-04-13 08:39:57.299 INFO [main] [com.stepdefinition.Test_Wishlist] [the_user_checks_the_recently_viewed_products] [com.stepdefinition.Test_Wishlist.the_user_checks_the_recently_viewed_products(Test_Wishlist.java:51)] - Recently viewed products shown in the window
2020-04-13 08:40:08.679 DEBUG [main] [com.stepdefinition.Test_Address] [user_launches_to_chrome_page] [com.stepdefinition.Test_Address.user_launches_to_chrome_page(Test_Address.java:21)] - chrome launched and website opened
2020-04-13 08:40:13.610 INFO [main] [com.stepdefinition.Test_Address] [user_logged_into_the_home_page] [com.stepdefinition.Test_Address.user_logged_into_the_home_page(Test_Address.java:32)] - login successfully
2020-04-13 08:40:28.619 INFO [main] [com.stepdefinition.Test_Address] [the_user_can_add_the_address] [com.stepdefinition.Test_Address.the_user_can_add_the_address(Test_Address.java:41)] - address added successfully
2020-04-13 08:40:45.630 DEBUG [main] [com.stepdefinition.Test_changepswd] [the_user_launches_the_firefox] [com.stepdefinition.Test_changepswd.the_user_launches_the_firefox(Test_changepswd.java:22)] - firefox launched and webpage opened
2020-04-13 08:40:51.060 INFO [main] [com.stepdefinition.Test_changepswd] [the_user_login_to_the_site] [com.stepdefinition.Test_changepswd.the_user_login_to_the_site(Test_changepswd.java:32)] - login successfully
2020-04-13 08:40:57.674 INFO [main] [com.stepdefinition.Test_changepswd] [the_user_enters_and_and] [com.stepdefinition.Test_changepswd.the_user_enters_and_and(Test_changepswd.java:41)] - password changed succesfully
2020-04-13 08:41:19.259 DEBUG [main] [com.stepdefinition.Test_changepswd] [the_user_launches_the_firefox] [com.stepdefinition.Test_changepswd.the_user_launches_the_firefox(Test_changepswd.java:22)] - firefox launched and webpage opened
2020-04-13 08:41:24.122 INFO [main] [com.stepdefinition.Test_changepswd] [the_user_login_to_the_site] [com.stepdefinition.Test_changepswd.the_user_login_to_the_site(Test_changepswd.java:32)] - login successfully
2020-04-13 08:41:29.880 INFO [main] [com.stepdefinition.Test_changepswd] [the_user_enters_and_and] [com.stepdefinition.Test_changepswd.the_user_enters_and_and(Test_changepswd.java:41)] - password changed succesfully
